[2025-08-15 04:53:37] === INICIO ===
[2025-08-15 04:53:37] Sesión iniciada
[2025-08-15 04:53:37] Respuesta: {"success":true,"message":"Debug mode","post_data":[]}
[2025-08-15 04:56:28] === INICIO DEBUG ===
POST: Array
(
)

FILES: Array
(
)

Content-Type: no definido
ADVERTENCIA: POST está vacío
[2025-08-15 05:02:29] === INICIO DEBUG ===
POST: Array
(
)

FILES: Array
(
)

Content-Type: no definido
ADVERTENCIA: POST está vacío
[2025-08-15 05:02:30] === INICIO DEBUG ===
POST: Array
(
)

FILES: Array
(
)

Content-Type: no definido
ADVERTENCIA: POST está vacío
